{"contracts\\BookFactory.sol":{"l":{"23":24,"24":24,"25":24},"path":"D:\\gitRepo\\Sol_books\\contracts\\BookFactory.sol","s":{"1":24,"2":24,"3":24},"b":{},"f":{"1":24},"fnMap":{"1":{"name":"addBook","line":21,"loc":{"start":{"line":21,"column":4},"end":{"line":26,"column":4}}}},"statementMap":{"1":{"start":{"line":23,"column":8},"end":{"line":23,"column":49}},"2":{"start":{"line":24,"column":8},"end":{"line":24,"column":37}},"3":{"start":{"line":25,"column":8},"end":{"line":25,"column":55}}},"branchMap":{}},"contracts\\BookLibrary.sol":{"l":{"12":45,"22":14,"23":13,"28":16,"29":4,"30":3,"33":13,"38":12,"42":2,"43":2,"48":13,"49":13,"50":13,"51":13,"53":12,"54":11,"55":11,"56":11,"58":11,"63":3,"64":3,"65":3,"66":3,"68":2,"69":2,"71":2,"78":2,"79":2,"80":9,"81":7,"85":2,"86":2,"89":2,"90":9,"91":7,"92":7,"96":2,"100":2,"105":1,"111":11,"113":11,"114":2,"115":1,"116":1,"120":11,"121":10},"path":"D:\\gitRepo\\Sol_books\\contracts\\BookLibrary.sol","s":{"1":45,"2":14,"3":16,"4":4,"5":3,"6":13,"7":12,"8":2,"9":2,"10":13,"11":13,"12":13,"13":13,"14":12,"15":11,"16":11,"17":11,"18":3,"19":3,"20":3,"21":3,"22":2,"23":2,"24":2,"25":2,"26":9,"27":2,"28":2,"29":2,"30":9,"31":7,"32":2,"33":2,"34":1,"35":11,"36":11,"37":2,"38":1,"39":11,"40":10},"b":{"1":[13,1],"2":[3,1],"3":[12,1],"4":[2,1],"5":[7,2],"6":[7,2],"7":[1,1],"8":[10,1]},"f":{"1":45,"2":14,"3":16,"4":12,"5":2,"6":13,"7":3,"8":2,"9":2,"10":1,"11":11},"fnMap":{"1":{"name":"constructor","line":11,"loc":{"start":{"line":11,"column":4},"end":{"line":13,"column":4}}},"2":{"name":"atLeastOneCopy","line":20,"loc":{"start":{"line":20,"column":4},"end":{"line":24,"column":4}}},"3":{"name":"addressHasBook","line":27,"loc":{"start":{"line":27,"column":4},"end":{"line":34,"column":4}}},"4":{"name":"_transferFrom","line":36,"loc":{"start":{"line":36,"column":4},"end":{"line":39,"column":4}}},"5":{"name":"_removeArrayElement","line":41,"loc":{"start":{"line":41,"column":4},"end":{"line":44,"column":4}}},"6":{"name":"borrowBook","line":47,"loc":{"start":{"line":47,"column":4},"end":{"line":59,"column":4}}},"7":{"name":"returnBook","line":61,"loc":{"start":{"line":61,"column":4},"end":{"line":72,"column":4}}},"8":{"name":"availableBooks","line":74,"loc":{"start":{"line":74,"column":4},"end":{"line":97,"column":4}}},"9":{"name":"viewBook","line":99,"loc":{"start":{"line":99,"column":4},"end":{"line":101,"column":4}}},"10":{"name":"bookHistory","line":103,"loc":{"start":{"line":103,"column":4},"end":{"line":106,"column":4}}},"11":{"name":"_addBookHistory","line":109,"loc":{"start":{"line":109,"column":4},"end":{"line":123,"column":4}}}},"statementMap":{"1":{"start":{"line":12,"column":8},"end":{"line":12,"column":32}},"2":{"start":{"line":22,"column":8},"end":{"line":22,"column":62}},"3":{"start":{"line":28,"column":8},"end":{"line":28,"column":909}},"4":{"start":{"line":29,"column":12},"end":{"line":29,"column":977}},"5":{"start":{"line":30,"column":16},"end":{"line":30,"column":31}},"6":{"start":{"line":33,"column":8},"end":{"line":33,"column":24}},"7":{"start":{"line":38,"column":8},"end":{"line":38,"column":48}},"8":{"start":{"line":42,"column":8},"end":{"line":42,"column":42}},"9":{"start":{"line":43,"column":8},"end":{"line":43,"column":17}},"10":{"start":{"line":48,"column":8},"end":{"line":48,"column":20}},"11":{"start":{"line":49,"column":8},"end":{"line":49,"column":18}},"12":{"start":{"line":50,"column":8},"end":{"line":50,"column":60}},"13":{"start":{"line":51,"column":8},"end":{"line":51,"column":65}},"14":{"start":{"line":53,"column":8},"end":{"line":53,"column":63}},"15":{"start":{"line":54,"column":8},"end":{"line":54,"column":42}},"16":{"start":{"line":56,"column":8},"end":{"line":56,"column":43}},"17":{"start":{"line":58,"column":8},"end":{"line":58,"column":89}},"18":{"start":{"line":63,"column":8},"end":{"line":63,"column":20}},"19":{"start":{"line":64,"column":8},"end":{"line":64,"column":18}},"20":{"start":{"line":65,"column":8},"end":{"line":65,"column":60}},"21":{"start":{"line":66,"column":8},"end":{"line":66,"column":60}},"22":{"start":{"line":68,"column":8},"end":{"line":68,"column":55}},"23":{"start":{"line":71,"column":8},"end":{"line":71,"column":88}},"24":{"start":{"line":78,"column":8},"end":{"line":78,"column":23}},"25":{"start":{"line":79,"column":8},"end":{"line":79,"column":2846}},"26":{"start":{"line":80,"column":12},"end":{"line":80,"column":2900}},"27":{"start":{"line":85,"column":8},"end":{"line":85,"column":48}},"28":{"start":{"line":86,"column":8},"end":{"line":86,"column":24}},"29":{"start":{"line":89,"column":8},"end":{"line":89,"column":3103}},"30":{"start":{"line":90,"column":12},"end":{"line":90,"column":3157}},"31":{"start":{"line":91,"column":16},"end":{"line":91,"column":31}},"32":{"start":{"line":96,"column":8},"end":{"line":96,"column":20}},"33":{"start":{"line":100,"column":8},"end":{"line":100,"column":29}},"34":{"start":{"line":105,"column":8},"end":{"line":105,"column":41}},"35":{"start":{"line":111,"column":8},"end":{"line":111,"column":30}},"36":{"start":{"line":113,"column":8},"end":{"line":113,"column":3963}},"37":{"start":{"line":114,"column":12},"end":{"line":114,"column":4038}},"38":{"start":{"line":115,"column":16},"end":{"line":115,"column":33}},"39":{"start":{"line":120,"column":8},"end":{"line":120,"column":4180}},"40":{"start":{"line":121,"column":12},"end":{"line":121,"column":52}}},"branchMap":{"1":{"line":22,"type":"if","locations":[{"start":{"line":22,"column":8},"end":{"line":22,"column":8}},{"start":{"line":22,"column":8},"end":{"line":22,"column":8}}]},"2":{"line":29,"type":"if","locations":[{"start":{"line":29,"column":12},"end":{"line":29,"column":12}},{"start":{"line":29,"column":12},"end":{"line":29,"column":12}}]},"3":{"line":51,"type":"if","locations":[{"start":{"line":51,"column":8},"end":{"line":51,"column":8}},{"start":{"line":51,"column":8},"end":{"line":51,"column":8}}]},"4":{"line":66,"type":"if","locations":[{"start":{"line":66,"column":8},"end":{"line":66,"column":8}},{"start":{"line":66,"column":8},"end":{"line":66,"column":8}}]},"5":{"line":80,"type":"if","locations":[{"start":{"line":80,"column":12},"end":{"line":80,"column":12}},{"start":{"line":80,"column":12},"end":{"line":80,"column":12}}]},"6":{"line":90,"type":"if","locations":[{"start":{"line":90,"column":12},"end":{"line":90,"column":12}},{"start":{"line":90,"column":12},"end":{"line":90,"column":12}}]},"7":{"line":114,"type":"if","locations":[{"start":{"line":114,"column":12},"end":{"line":114,"column":12}},{"start":{"line":114,"column":12},"end":{"line":114,"column":12}}]},"8":{"line":120,"type":"if","locations":[{"start":{"line":120,"column":8},"end":{"line":120,"column":8}},{"start":{"line":120,"column":8},"end":{"line":120,"column":8}}]}}},"contracts\\LToken.sol":{"l":{"9":48},"path":"D:\\gitRepo\\Sol_books\\contracts\\LToken.sol","s":{"1":48},"b":{},"f":{"1":48},"fnMap":{"1":{"name":"constructor","line":8,"loc":{"start":{"line":8,"column":4},"end":{"line":10,"column":4}}}},"statementMap":{"1":{"start":{"line":9,"column":8},"end":{"line":9,"column":39}}},"branchMap":{}}}