TN:
SF:/Users/stan/Documents/GitHub/hardhat/contracts/BookFactory.sol
FN:21,addBook
FNF:1
FNH:1
FNDA:24,addBook
DA:23,24
DA:24,24
DA:25,24
LF:3
LH:3
BRF:0
BRH:0
end_of_record
TN:
SF:/Users/stan/Documents/GitHub/hardhat/contracts/BookLibrary.sol
FN:11,constructor
FN:20,atLeastOneCopy
FN:27,addressHasBook
FN:36,_transferFrom
FN:41,_removeArrayElement
FN:47,borrowBook
FN:61,returnBook
FN:74,availableBooks
FN:99,viewBook
FN:103,bookHistory
FN:109,_addBookHistory
FNF:11
FNH:11
FNDA:45,constructor
FNDA:14,atLeastOneCopy
FNDA:16,addressHasBook
FNDA:12,_transferFrom
FNDA:2,_removeArrayElement
FNDA:13,borrowBook
FNDA:3,returnBook
FNDA:2,availableBooks
FNDA:2,viewBook
FNDA:1,bookHistory
FNDA:11,_addBookHistory
DA:12,45
DA:22,14
DA:23,13
DA:28,16
DA:29,4
DA:30,3
DA:33,13
DA:38,12
DA:42,2
DA:43,2
DA:48,13
DA:49,13
DA:50,13
DA:51,13
DA:53,12
DA:54,11
DA:55,11
DA:56,11
DA:58,11
DA:63,3
DA:64,3
DA:65,3
DA:66,3
DA:68,2
DA:69,2
DA:71,2
DA:78,2
DA:79,2
DA:80,9
DA:81,7
DA:85,2
DA:86,2
DA:89,2
DA:90,9
DA:91,7
DA:92,7
DA:96,2
DA:100,2
DA:105,1
DA:111,11
DA:113,11
DA:114,2
DA:115,1
DA:116,1
DA:120,11
DA:121,10
LF:46
LH:46
BRDA:22,1,0,13
BRDA:22,1,1,1
BRDA:29,2,0,3
BRDA:29,2,1,1
BRDA:51,3,0,12
BRDA:51,3,1,1
BRDA:66,4,0,2
BRDA:66,4,1,1
BRDA:80,5,0,7
BRDA:80,5,1,2
BRDA:90,6,0,7
BRDA:90,6,1,2
BRDA:114,7,0,1
BRDA:114,7,1,1
BRDA:120,8,0,10
BRDA:120,8,1,1
BRF:16
BRH:16
end_of_record
TN:
SF:/Users/stan/Documents/GitHub/hardhat/contracts/LToken.sol
FN:8,constructor
FNF:1
FNH:1
FNDA:48,constructor
DA:9,48
LF:1
LH:1
BRF:0
BRH:0
end_of_record
